<?xml version="1.0" encoding="UTF-8"?>
<!-- Generated by org.testng.reporters.JUnitReportReporter -->
<testsuite skipped="0" hostname="LAPTOP-0VNRC0TU" name="testng.P1" tests="2" failures="0" timestamp="06 Mar 2021 13:29:13 GMT" time="0.009" errors="0">
  <testcase name="apple" time="0.008" classname="testng.P1"/>
  <testcase name="banana" time="0.001" classname="testng.P1"/>
</testsuite> <!-- testng.P1 -->
